[dhdDelta():13.42.57.0004] - Did not find FalconCommon.txt
[dhdComUSB::dhdComUSB():13.42.57.0004] - Constructor
[dhdDelta():13.42.57.0006] - Did not find FalconCommon.txt
[dhdComUSB::dhdComUSB():13.42.57.0006] - Constructor
[dhdDelta():13.42.57.0007] - Did not find FalconCommon.txt
[dhdComUSB::dhdComUSB():13.42.57.0007] - Constructor
[dhdDelta():13.42.57.0008] - Did not find FalconCommon.txt
[dhdComUSB::dhdComUSB():13.42.57.0008] - Constructor
[dhdDelta():13.42.57.0009] - Did not find FalconCommon.txt
[dhdComUSB::dhdComUSB():13.42.57.0010] - Constructor
[dhdDelta():13.42.57.0011] - Did not find FalconCommon.txt
[dhdComUSB::dhdComUSB():13.42.57.0011] - Constructor
[dhdDelta():13.42.57.0012] - Did not find FalconCommon.txt
[dhdComUSB::dhdComUSB():13.42.57.0012] - Constructor
[dhdDelta():13.42.57.0013] - Did not find FalconCommon.txt
[dhdComUSB::dhdComUSB():13.42.57.0013] - Constructor
[dhdDelta():13.42.57.0014] - Did not find FalconCommon.txt
[dhdComUSB::dhdComUSB():13.42.57.0014] - Constructor
[dhdDelta():13.42.57.0016] - Did not find FalconCommon.txt
[dhdComUSB::dhdComUSB():13.42.57.0016] - Constructor
[dhdOpenWithReset():13.42.57.5512] - currentDevice = 0, l_serNum = 160007E5, is NOT smart
[dhdOpenWithReset():13.42.57.9699] - l_serNum after getFileName = 160007E5
[dhdOpenWithReset():13.42.57.9700] - Found falcon_12_0101.bin at c:\Program Files\Novint\HDAL_SDK_2.1.3\examples\Multi\falcon_12_0101.bin
[dhdOpenWithReset():13.42.57.9700] - comUSB[0]open(160007E5, c:\Program Files\Novint\HDAL_SDK_2.1.3\examples\Multi\falcon_12_0101.bin, False)
[dhdComUSB::open():13.42.57.9700] - Open(c:\Program Files\Novint\HDAL_SDK_2.1.3\examples\Multi\falcon_12_0101.bin, false)
[dhdComUSB::open():13.42.58.0258] - OpenUSBPort succeeded after 1 tries
[dhdComUSB::open():13.42.58.0258] - deviceType = 0
[dhdComUSB::open():13.42.58.0258] - deviceID   = 67357512d
[dhdComUSB::open():13.42.58.0258] - deviceSN   = 160007E5
[dhdComUSB::open():13.42.58.0258] - deviceDesc = FALCON HAPTIC
[dhdComUSB::OpenDeviceCommunications():13.42.58.0262] - Set Baud Rate Status: 0
[dhdComUSB::OpenDeviceCommunications():13.42.58.0534] - update() okay after 1 updates
[dhdComUSB::OpenDeviceCommunications():13.42.58.0534] - Returning 0
[dhdComUSB::changeGrip():13.42.58.2535] - New Grip: G_A
[dhdComUSB::changeGrip():13.42.58.2536] - Started grip change
[changeGripThreadFunc::13.42.58.2541] - deleting old grip object
[changeGripThreadFunc::13.42.58.2541] - Loading grip type G_A
[changeGripThreadFunc::13.42.58.2571] - Loading delta
[dhdDelta():13.42.58.2575] - Did not find FalconCommon.txt
[changeGripThreadFunc::13.42.58.2575] - Done loading new grip
[dhdComUSB::dhdComUSB():13.42.59.1610] - Constructor
[dhdComUSB::close():13.42.59.1611] - Closed
[dhdOpenWithReset():13.42.59.1611] - currentDevice = 0, l_serNum = 160007E5, is NOT smart
[dhdOpenWithReset():13.42.59.5758] - l_serNum after getFileName = 160007E5
[dhdOpenWithReset():13.42.59.5760] - Found falcon_12_0101.bin at c:\Program Files\Novint\HDAL_SDK_2.1.3\examples\Multi\falcon_12_0101.bin
[dhdOpenWithReset():13.42.59.5760] - comUSB[0]open(160007E5, c:\Program Files\Novint\HDAL_SDK_2.1.3\examples\Multi\falcon_12_0101.bin, True)
[dhdComUSB::open():13.42.59.5760] - Open(c:\Program Files\Novint\HDAL_SDK_2.1.3\examples\Multi\falcon_12_0101.bin, true)
[dhdComUSB::open():13.42.59.6299] - OpenUSBPort succeeded after 1 tries
[dhdComUSB::open():13.42.59.6300] - deviceType = 0
[dhdComUSB::open():13.42.59.6300] - deviceID   = 67357512d
[dhdComUSB::open():13.42.59.6300] - deviceSN   = 160007E5
[dhdComUSB::open():13.42.59.6300] - deviceDesc = FALCON HAPTIC
[dhdComUSB::open():13.43.00.6159] - Starting Download
[dhdComUSB::DownloadCode():13.43.02.1603] - SetUSBParameters(A42300,128,128)
[dhdComUSB::DownloadCode():13.43.02.1628] - Read 128 bytes
[dhdComUSB::DownloadCode():13.43.02.1629] - Sent 128 bytes
[dhdComUSB::DownloadCode():13.43.02.1730] - 128 chars available
[dhdComUSB::DownloadCode():13.43.02.1751] - ReadFile done
[dhdComUSB::DownloadCode():13.43.02.1752] - Read 128 bytes
[dhdComUSB::DownloadCode():13.43.02.1752] - Sent 128 bytes
[dhdComUSB::DownloadCode():13.43.02.1851] - 128 chars available
[dhdComUSB::DownloadCode():13.43.02.1875] - ReadFile done
[dhdComUSB::DownloadCode():13.43.02.1875] - Read 128 bytes
[dhdComUSB::DownloadCode():13.43.02.1875] - Sent 128 bytes
[dhdComUSB::DownloadCode():13.43.02.1971] - 128 chars available
[dhdComUSB::DownloadCode():13.43.02.1994] - ReadFile done
[dhdComUSB::DownloadCode():13.43.02.1994] - Read 128 bytes
[dhdComUSB::DownloadCode():13.43.02.1994] - Sent 128 bytes
[dhdComUSB::DownloadCode():13.43.02.2089] - 128 chars available
[dhdComUSB::DownloadCode():13.43.02.2111] - ReadFile done
[dhdComUSB::DownloadCode():13.43.02.2112] - Read 128 bytes
[dhdComUSB::DownloadCode():13.43.02.2112] - Sent 128 bytes
[dhdComUSB::DownloadCode():13.43.02.2210] - 128 chars available
[dhdComUSB::DownloadCode():13.43.02.2232] - ReadFile done
[dhdComUSB::DownloadCode():13.43.02.2233] - Read 128 bytes
[dhdComUSB::DownloadCode():13.43.02.2233] - Sent 128 bytes
[dhdComUSB::DownloadCode():13.43.02.2330] - 128 chars available
[dhdComUSB::DownloadCode():13.43.02.2350] - ReadFile done
[dhdComUSB::DownloadCode():13.43.02.2350] - Read 128 bytes
[dhdComUSB::DownloadCode():13.43.02.2351] - Sent 128 bytes
[dhdComUSB::DownloadCode():13.43.02.2450] - 128 chars available
[dhdComUSB::DownloadCode():13.43.02.2470] - ReadFile done
[dhdComUSB::DownloadCode():13.43.02.2470] - Read 128 bytes
[dhdComUSB::DownloadCode():13.43.02.2470] - Sent 128 bytes
[dhdComUSB::DownloadCode():13.43.02.2570] - 128 chars available
[dhdComUSB::DownloadCode():13.43.02.2589] - ReadFile done
[dhdComUSB::DownloadCode():13.43.02.2589] - Read 128 bytes
[dhdComUSB::DownloadCode():13.43.02.2590] - Sent 128 bytes
[dhdComUSB::DownloadCode():13.43.02.2689] - 128 chars available
[dhdComUSB::DownloadCode():13.43.02.2712] - ReadFile done
[dhdComUSB::DownloadCode():13.43.02.2712] - Read 128 bytes
[dhdComUSB::DownloadCode():13.43.02.2713] - Sent 128 bytes
[dhdComUSB::DownloadCode():13.43.02.2809] - 128 chars available
[dhdComUSB::DownloadCode():13.43.02.2830] - ReadFile done
[dhdComUSB::DownloadCode():13.43.02.2830] - Read 128 bytes
[dhdComUSB::DownloadCode():13.43.02.2830] - Sent 128 bytes
[dhdComUSB::DownloadCode():13.43.02.2929] - 128 chars available
[dhdComUSB::DownloadCode():13.43.02.2950] - ReadFile done
[dhdComUSB::DownloadCode():13.43.02.2950] - Read 128 bytes
[dhdComUSB::DownloadCode():13.43.02.2951] - Sent 128 bytes
[dhdComUSB::DownloadCode():13.43.02.3049] - 128 chars available
[dhdComUSB::DownloadCode():13.43.02.3079] - ReadFile done
[dhdComUSB::DownloadCode():13.43.02.3079] - Read 128 bytes
[dhdComUSB::DownloadCode():13.43.02.3080] - Sent 128 bytes
[dhdComUSB::DownloadCode():13.43.02.3180] - 128 chars available
[dhdComUSB::DownloadCode():13.43.02.3200] - ReadFile done
[dhdComUSB::DownloadCode():13.43.02.3200] - Read 128 bytes
[dhdComUSB::DownloadCode():13.43.02.3201] - Sent 128 bytes
[dhdComUSB::DownloadCode():13.43.02.3299] - 128 chars available
[dhdComUSB::DownloadCode():13.43.02.3320] - ReadFile done
[dhdComUSB::DownloadCode():13.43.02.3320] - Read 128 bytes
[dhdComUSB::DownloadCode():13.43.02.3320] - Sent 128 bytes
[dhdComUSB::DownloadCode():13.43.02.3420] - 128 chars available
[dhdComUSB::DownloadCode():13.43.02.3440] - ReadFile done
[dhdComUSB::DownloadCode():13.43.02.3440] - Read 128 bytes
[dhdComUSB::DownloadCode():13.43.02.3441] - Sent 128 bytes
[dhdComUSB::DownloadCode():13.43.02.3539] - 128 chars available
[dhdComUSB::DownloadCode():13.43.02.3560] - ReadFile done
[dhdComUSB::DownloadCode():13.43.02.3560] - Read 128 bytes
[dhdComUSB::DownloadCode():13.43.02.3561] - Sent 128 bytes
[dhdComUSB::DownloadCode():13.43.02.3659] - 128 chars available
[dhdComUSB::DownloadCode():13.43.02.3680] - ReadFile done
[dhdComUSB::DownloadCode():13.43.02.3680] - Read 128 bytes
[dhdComUSB::DownloadCode():13.43.02.3680] - Sent 128 bytes
[dhdComUSB::DownloadCode():13.43.02.3778] - 128 chars available
[dhdComUSB::DownloadCode():13.43.02.3801] - ReadFile done
[dhdComUSB::DownloadCode():13.43.02.3801] - Read 128 bytes
[dhdComUSB::DownloadCode():13.43.02.3801] - Sent 128 bytes
[dhdComUSB::DownloadCode():13.43.02.3898] - 128 chars available
[dhdComUSB::DownloadCode():13.43.02.3916] - ReadFile done
[dhdComUSB::DownloadCode():13.43.02.3916] - Read 128 bytes
[dhdComUSB::DownloadCode():13.43.02.3916] - Sent 128 bytes
[dhdComUSB::DownloadCode():13.43.02.4018] - 128 chars available
[dhdComUSB::DownloadCode():13.43.02.4041] - ReadFile done
[dhdComUSB::DownloadCode():13.43.02.4041] - Read 128 bytes
[dhdComUSB::DownloadCode():13.43.02.4041] - Sent 128 bytes
[dhdComUSB::DownloadCode():13.43.02.4138] - 128 chars available
[dhdComUSB::DownloadCode():13.43.02.4156] - ReadFile done
[dhdComUSB::DownloadCode():13.43.02.4156] - Read 128 bytes
[dhdComUSB::DownloadCode():13.43.02.4156] - Sent 128 bytes
[dhdComUSB::DownloadCode():13.43.02.4260] - 128 chars available
[dhdComUSB::DownloadCode():13.43.02.4274] - ReadFile done
[dhdComUSB::DownloadCode():13.43.02.4274] - Read 128 bytes
[dhdComUSB::DownloadCode():13.43.02.4274] - Sent 128 bytes
[dhdComUSB::DownloadCode():13.43.02.4368] - 128 chars available
[dhdComUSB::DownloadCode():13.43.02.4386] - ReadFile done
[dhdComUSB::DownloadCode():13.43.02.4386] - Read 128 bytes
[dhdComUSB::DownloadCode():13.43.02.4386] - Sent 128 bytes
[dhdComUSB::DownloadCode():13.43.02.4488] - 128 chars available
[dhdComUSB::DownloadCode():13.43.02.4507] - ReadFile done
[dhdComUSB::DownloadCode():13.43.02.4507] - Read 128 bytes
[dhdComUSB::DownloadCode():13.43.02.4507] - Sent 128 bytes
[dhdComUSB::DownloadCode():13.43.02.4608] - 128 chars available
[dhdComUSB::DownloadCode():13.43.02.4629] - ReadFile done
[dhdComUSB::DownloadCode():13.43.02.4629] - Read 128 bytes
[dhdComUSB::DownloadCode():13.43.02.4629] - Sent 128 bytes
[dhdComUSB::DownloadCode():13.43.02.4728] - 128 chars available
[dhdComUSB::DownloadCode():13.43.02.4747] - ReadFile done
[dhdComUSB::DownloadCode():13.43.02.4747] - Read 128 bytes
[dhdComUSB::DownloadCode():13.43.02.4747] - Sent 128 bytes
[dhdComUSB::DownloadCode():13.43.02.4848] - 128 chars available
[dhdComUSB::DownloadCode():13.43.02.4863] - ReadFile done
[dhdComUSB::DownloadCode():13.43.02.4863] - Read 128 bytes
[dhdComUSB::DownloadCode():13.43.02.4864] - Sent 128 bytes
[dhdComUSB::DownloadCode():13.43.02.4958] - 128 chars available
[dhdComUSB::DownloadCode():13.43.02.4978] - ReadFile done
[dhdComUSB::DownloadCode():13.43.02.4978] - Read 128 bytes
[dhdComUSB::DownloadCode():13.43.02.4979] - Sent 128 bytes
[dhdComUSB::DownloadCode():13.43.02.5078] - 128 chars available
[dhdComUSB::DownloadCode():13.43.02.5094] - ReadFile done
[dhdComUSB::DownloadCode():13.43.02.5095] - Read 128 bytes
[dhdComUSB::DownloadCode():13.43.02.5095] - Sent 128 bytes
[dhdComUSB::DownloadCode():13.43.02.5198] - 128 chars available
[dhdComUSB::DownloadCode():13.43.02.5217] - ReadFile done
[dhdComUSB::DownloadCode():13.43.02.5217] - Read 128 bytes
[dhdComUSB::DownloadCode():13.43.02.5218] - Sent 128 bytes
[dhdComUSB::DownloadCode():13.43.02.5318] - 128 chars available
[dhdComUSB::DownloadCode():13.43.02.5337] - ReadFile done
[dhdComUSB::DownloadCode():13.43.02.5337] - Read 128 bytes
[dhdComUSB::DownloadCode():13.43.02.5337] - Sent 128 bytes
[dhdComUSB::DownloadCode():13.43.02.5438] - 128 chars available
[dhdComUSB::DownloadCode():13.43.02.5454] - ReadFile done
[dhdComUSB::DownloadCode():13.43.02.5455] - Read 128 bytes
[dhdComUSB::DownloadCode():13.43.02.5455] - Sent 128 bytes
[dhdComUSB::DownloadCode():13.43.02.5558] - 128 chars available
[dhdComUSB::DownloadCode():13.43.02.5581] - ReadFile done
[dhdComUSB::DownloadCode():13.43.02.5581] - Read 128 bytes
[dhdComUSB::DownloadCode():13.43.02.5581] - Sent 128 bytes
[dhdComUSB::DownloadCode():13.43.02.5678] - 128 chars available
[dhdComUSB::DownloadCode():13.43.02.5698] - ReadFile done
[dhdComUSB::DownloadCode():13.43.02.5699] - Read 128 bytes
[dhdComUSB::DownloadCode():13.43.02.5699] - Sent 128 bytes
[dhdComUSB::DownloadCode():13.43.02.5798] - 128 chars available
[dhdComUSB::DownloadCode():13.43.02.5821] - ReadFile done
[dhdComUSB::DownloadCode():13.43.02.5821] - Read 128 bytes
[dhdComUSB::DownloadCode():13.43.02.5821] - Sent 128 bytes
[dhdComUSB::DownloadCode():13.43.02.5917] - 128 chars available
[dhdComUSB::DownloadCode():13.43.02.5937] - ReadFile done
[dhdComUSB::DownloadCode():13.43.02.5937] - Read 128 bytes
[dhdComUSB::DownloadCode():13.43.02.5938] - Sent 128 bytes
[dhdComUSB::DownloadCode():13.43.02.6038] - 128 chars available
[dhdComUSB::DownloadCode():13.43.02.6057] - ReadFile done
[dhdComUSB::DownloadCode():13.43.02.6057] - Read 128 bytes
[dhdComUSB::DownloadCode():13.43.02.6058] - Sent 128 bytes
[dhdComUSB::DownloadCode():13.43.02.6157] - 128 chars available
[dhdComUSB::DownloadCode():13.43.02.6177] - ReadFile done
[dhdComUSB::DownloadCode():13.43.02.6177] - Read 128 bytes
[dhdComUSB::DownloadCode():13.43.02.6178] - Sent 128 bytes
[dhdComUSB::DownloadCode():13.43.02.6278] - 128 chars available
[dhdComUSB::DownloadCode():13.43.02.6297] - ReadFile done
[dhdComUSB::DownloadCode():13.43.02.6297] - Read 128 bytes
[dhdComUSB::DownloadCode():13.43.02.6298] - Sent 128 bytes
[dhdComUSB::DownloadCode():13.43.02.6397] - 128 chars available
[dhdComUSB::DownloadCode():13.43.02.6417] - ReadFile done
[dhdComUSB::DownloadCode():13.43.02.6417] - Read 128 bytes
[dhdComUSB::DownloadCode():13.43.02.6418] - Sent 128 bytes
[dhdComUSB::DownloadCode():13.43.02.6517] - 128 chars available
[dhdComUSB::DownloadCode():13.43.02.6536] - ReadFile done
[dhdComUSB::DownloadCode():13.43.02.6536] - Read 128 bytes
[dhdComUSB::DownloadCode():13.43.02.6536] - Sent 128 bytes
[dhdComUSB::DownloadCode():13.43.02.6637] - 128 chars available
[dhdComUSB::DownloadCode():13.43.02.6657] - ReadFile done
[dhdComUSB::DownloadCode():13.43.02.6657] - Read 128 bytes
[dhdComUSB::DownloadCode():13.43.02.6658] - Sent 128 bytes
[dhdComUSB::DownloadCode():13.43.02.6757] - 128 chars available
[dhdComUSB::DownloadCode():13.43.02.6777] - ReadFile done
[dhdComUSB::DownloadCode():13.43.02.6777] - Read 128 bytes
[dhdComUSB::DownloadCode():13.43.02.6778] - Sent 128 bytes
[dhdComUSB::DownloadCode():13.43.02.6877] - 128 chars available
[dhdComUSB::DownloadCode():13.43.02.6897] - ReadFile done
[dhdComUSB::DownloadCode():13.43.02.6897] - Read 128 bytes
[dhdComUSB::DownloadCode():13.43.02.6898] - Sent 128 bytes
[dhdComUSB::DownloadCode():13.43.02.6997] - 128 chars available
[dhdComUSB::DownloadCode():13.43.02.7017] - ReadFile done
[dhdComUSB::DownloadCode():13.43.02.7017] - Read 128 bytes
[dhdComUSB::DownloadCode():13.43.02.7018] - Sent 128 bytes
[dhdComUSB::DownloadCode():13.43.02.7117] - 128 chars available
[dhdComUSB::DownloadCode():13.43.02.7137] - ReadFile done
[dhdComUSB::DownloadCode():13.43.02.7137] - Read 128 bytes
[dhdComUSB::DownloadCode():13.43.02.7138] - Sent 128 bytes
[dhdComUSB::DownloadCode():13.43.02.7237] - 128 chars available
[dhdComUSB::DownloadCode():13.43.02.7254] - ReadFile done
[dhdComUSB::DownloadCode():13.43.02.7254] - Read 128 bytes
[dhdComUSB::DownloadCode():13.43.02.7255] - Sent 128 bytes
[dhdComUSB::DownloadCode():13.43.02.7357] - 128 chars available
[dhdComUSB::DownloadCode():13.43.02.7377] - ReadFile done
[dhdComUSB::DownloadCode():13.43.02.7377] - Read 128 bytes
[dhdComUSB::DownloadCode():13.43.02.7378] - Sent 128 bytes
[dhdComUSB::DownloadCode():13.43.02.7477] - 128 chars available
[dhdComUSB::DownloadCode():13.43.02.7497] - ReadFile done
[dhdComUSB::DownloadCode():13.43.02.7497] - Read 128 bytes
[dhdComUSB::DownloadCode():13.43.02.7498] - Sent 128 bytes
[dhdComUSB::DownloadCode():13.43.02.7597] - 128 chars available
[dhdComUSB::DownloadCode():13.43.02.7617] - ReadFile done
[dhdComUSB::DownloadCode():13.43.02.7617] - Read 128 bytes
[dhdComUSB::DownloadCode():13.43.02.7617] - Sent 128 bytes
[dhdComUSB::DownloadCode():13.43.02.7717] - 128 chars available
[dhdComUSB::DownloadCode():13.43.02.7737] - ReadFile done
[dhdComUSB::DownloadCode():13.43.02.7737] - Read 128 bytes
[dhdComUSB::DownloadCode():13.43.02.7737] - Sent 128 bytes
[dhdComUSB::DownloadCode():13.43.02.7837] - 128 chars available
[dhdComUSB::DownloadCode():13.43.02.7857] - ReadFile done
[dhdComUSB::DownloadCode():13.43.02.7857] - Read 128 bytes
[dhdComUSB::DownloadCode():13.43.02.7858] - Sent 128 bytes
[dhdComUSB::DownloadCode():13.43.02.7957] - 128 chars available
[dhdComUSB::DownloadCode():13.43.02.7977] - ReadFile done
[dhdComUSB::DownloadCode():13.43.02.7977] - Read 128 bytes
[dhdComUSB::DownloadCode():13.43.02.7978] - Sent 128 bytes
[dhdComUSB::DownloadCode():13.43.02.8077] - 128 chars available
[dhdComUSB::DownloadCode():13.43.02.8097] - ReadFile done
[dhdComUSB::DownloadCode():13.43.02.8097] - Read 128 bytes
[dhdComUSB::DownloadCode():13.43.02.8098] - Sent 128 bytes
[dhdComUSB::DownloadCode():13.43.02.8197] - 128 chars available
[dhdComUSB::DownloadCode():13.43.02.8217] - ReadFile done
[dhdComUSB::DownloadCode():13.43.02.8217] - Read 128 bytes
[dhdComUSB::DownloadCode():13.43.02.8218] - Sent 128 bytes
[dhdComUSB::DownloadCode():13.43.02.8317] - 128 chars available
[dhdComUSB::DownloadCode():13.43.02.8337] - ReadFile done
[dhdComUSB::DownloadCode():13.43.02.8337] - Read 128 bytes
[dhdComUSB::DownloadCode():13.43.02.8338] - Sent 128 bytes
[dhdComUSB::DownloadCode():13.43.02.8437] - 128 chars available
[dhdComUSB::DownloadCode():13.43.02.8457] - ReadFile done
[dhdComUSB::DownloadCode():13.43.02.8457] - Read 128 bytes
[dhdComUSB::DownloadCode():13.43.02.8458] - Sent 128 bytes
[dhdComUSB::DownloadCode():13.43.02.8557] - 128 chars available
[dhdComUSB::DownloadCode():13.43.02.8577] - ReadFile done
[dhdComUSB::DownloadCode():13.43.02.8577] - Read 128 bytes
[dhdComUSB::DownloadCode():13.43.02.8578] - Sent 128 bytes
[dhdComUSB::DownloadCode():13.43.02.8677] - 128 chars available
[dhdComUSB::DownloadCode():13.43.02.8697] - ReadFile done
[dhdComUSB::DownloadCode():13.43.02.8697] - Read 128 bytes
[dhdComUSB::DownloadCode():13.43.02.8698] - Sent 128 bytes
[dhdComUSB::DownloadCode():13.43.02.8797] - 128 chars available
[dhdComUSB::DownloadCode():13.43.02.8815] - ReadFile done
[dhdComUSB::DownloadCode():13.43.02.8815] - Read 128 bytes
[dhdComUSB::DownloadCode():13.43.02.8815] - Sent 128 bytes
[dhdComUSB::DownloadCode():13.43.02.8916] - 128 chars available
[dhdComUSB::DownloadCode():13.43.02.8932] - ReadFile done
[dhdComUSB::DownloadCode():13.43.02.8932] - Read 128 bytes
[dhdComUSB::DownloadCode():13.43.02.8932] - Sent 128 bytes
[dhdComUSB::DownloadCode():13.43.02.9027] - 128 chars available
[dhdComUSB::DownloadCode():13.43.02.9046] - ReadFile done
[dhdComUSB::DownloadCode():13.43.02.9046] - Read 128 bytes
[dhdComUSB::DownloadCode():13.43.02.9046] - Sent 128 bytes
[dhdComUSB::DownloadCode():13.43.02.9147] - 128 chars available
[dhdComUSB::DownloadCode():13.43.02.9163] - ReadFile done
[dhdComUSB::DownloadCode():13.43.02.9163] - Read 128 bytes
[dhdComUSB::DownloadCode():13.43.02.9164] - Sent 128 bytes
[dhdComUSB::DownloadCode():13.43.02.9266] - 128 chars available
[dhdComUSB::DownloadCode():13.43.02.9283] - ReadFile done
[dhdComUSB::DownloadCode():13.43.02.9284] - Read 128 bytes
[dhdComUSB::DownloadCode():13.43.02.9284] - Sent 128 bytes
[dhdComUSB::DownloadCode():13.43.02.9386] - 128 chars available
[dhdComUSB::DownloadCode():13.43.02.9405] - ReadFile done
[dhdComUSB::DownloadCode():13.43.02.9405] - Read 128 bytes
[dhdComUSB::DownloadCode():13.43.02.9405] - Sent 128 bytes
[dhdComUSB::DownloadCode():13.43.02.9505] - 128 chars available
[dhdComUSB::DownloadCode():13.43.02.9521] - ReadFile done
[dhdComUSB::DownloadCode():13.43.02.9522] - Read 128 bytes
[dhdComUSB::DownloadCode():13.43.02.9522] - Sent 128 bytes
[dhdComUSB::DownloadCode():13.43.02.9615] - 128 chars available
[dhdComUSB::DownloadCode():13.43.02.9632] - ReadFile done
[dhdComUSB::DownloadCode():13.43.02.9632] - Read 128 bytes
[dhdComUSB::DownloadCode():13.43.02.9632] - Sent 128 bytes
[dhdComUSB::DownloadCode():13.43.02.9735] - 128 chars available
[dhdComUSB::DownloadCode():13.43.02.9751] - ReadFile done
[dhdComUSB::DownloadCode():13.43.02.9752] - Read 128 bytes
[dhdComUSB::DownloadCode():13.43.02.9752] - Sent 128 bytes
[dhdComUSB::DownloadCode():13.43.02.9855] - 128 chars available
[dhdComUSB::DownloadCode():13.43.02.9871] - ReadFile done
[dhdComUSB::DownloadCode():13.43.02.9872] - Read 128 bytes
[dhdComUSB::DownloadCode():13.43.02.9872] - Sent 128 bytes
[dhdComUSB::DownloadCode():13.43.02.9975] - 128 chars available
[dhdComUSB::DownloadCode():13.43.02.9992] - ReadFile done
[dhdComUSB::DownloadCode():13.43.02.9992] - Read 128 bytes
[dhdComUSB::DownloadCode():13.43.02.9992] - Sent 128 bytes
[dhdComUSB::DownloadCode():13.43.03.0095] - 128 chars available
[dhdComUSB::DownloadCode():13.43.03.0111] - ReadFile done
[dhdComUSB::DownloadCode():13.43.03.0112] - Read 128 bytes
[dhdComUSB::DownloadCode():13.43.03.0112] - Sent 128 bytes
[dhdComUSB::DownloadCode():13.43.03.0215] - 128 chars available
[dhdComUSB::DownloadCode():13.43.03.0231] - ReadFile done
[dhdComUSB::DownloadCode():13.43.03.0232] - Read 128 bytes
[dhdComUSB::DownloadCode():13.43.03.0232] - Sent 128 bytes
[dhdComUSB::DownloadCode():13.43.03.0334] - 128 chars available
[dhdComUSB::DownloadCode():13.43.03.0351] - ReadFile done
[dhdComUSB::DownloadCode():13.43.03.0352] - Read 74 bytes
[dhdComUSB::DownloadCode():13.43.03.0352] - Sent 74 bytes
[dhdComUSB::DownloadCode():13.43.03.0414] - 74 chars available
[dhdComUSB::DownloadCode():13.43.03.0428] - ReadFile done
[dhdComUSB::DownloadCode():13.43.03.0428] - Download done
[dhdComUSB::open():13.43.03.0428] - Download status: 0
[dhdComUSB::OpenDeviceCommunications():13.43.03.0430] - Set Baud Rate Status: 0
[dhdComUSB::OpenDeviceCommunications():13.43.03.0690] - update() failed
[dhdComUSB::OpenDeviceCommunications():13.43.03.1002] - update() okay after 2 updates
[dhdComUSB::OpenDeviceCommunications():13.43.03.1003] - Returning 0
[dhdComUSB::changeGrip():13.43.03.3003] - New Grip: G_A
[dhdComUSB::changeGrip():13.43.03.3007] - Started grip change
[changeGripThreadFunc::13.43.03.3007] - deleting old grip object
[changeGripThreadFunc::13.43.03.3008] - Loading grip type G_A
[changeGripThreadFunc::13.43.03.3027] - Loading delta
[dhdDelta():13.43.03.3031] - Did not find FalconCommon.txt
[changeGripThreadFunc::13.43.03.3031] - Done loading new grip
[dhdComUSB::tryCalibration():13.43.03.3195] - HomeEnabled, LED Red
[dhdOpenWithReset():13.43.03.3212] - currentDevice = 1, l_serNum = 14QAJM15, is NOT smart
[dhdOpenWithReset():13.43.03.6032] - l_serNum after getFileName = 14QAJM15
[dhdOpenWithReset():13.43.03.6034] - Found falcon_12_0101.bin at c:\Program Files\Novint\HDAL_SDK_2.1.3\examples\Multi\falcon_12_0101.bin
[dhdOpenWithReset():13.43.03.6034] - comUSB[1]open(14QAJM15, c:\Program Files\Novint\HDAL_SDK_2.1.3\examples\Multi\falcon_12_0101.bin, False)
[dhdComUSB::open():13.43.03.6034] - Open(c:\Program Files\Novint\HDAL_SDK_2.1.3\examples\Multi\falcon_12_0101.bin, false)
[dhdComUSB::open():13.43.03.6245] - OpenUSBPort succeeded after 1 tries
[dhdComUSB::open():13.43.03.6245] - deviceType = 0
[dhdComUSB::open():13.43.03.6245] - deviceID   = 67357512d
[dhdComUSB::open():13.43.03.6245] - deviceSN   = 14QAJM15
[dhdComUSB::open():13.43.03.6245] - deviceDesc = FALCON HAPTIC
[dhdComUSB::OpenDeviceCommunications():13.43.03.6249] - Set Baud Rate Status: 0
[dhdComUSB::OpenDeviceCommunications():13.43.03.6471] - update() okay after 1 updates
[dhdComUSB::OpenDeviceCommunications():13.43.03.6472] - Returning 0
[dhdComUSB::changeGrip():13.43.03.8472] - New Grip: G_A
[dhdComUSB::changeGrip():13.43.03.8473] - Started grip change
[changeGripThreadFunc::13.43.03.8478] - deleting old grip object
[changeGripThreadFunc::13.43.03.8478] - Loading grip type G_A
[changeGripThreadFunc::13.43.03.8482] - Loading delta
[dhdDelta():13.43.03.8484] - Did not find FalconCommon.txt
[changeGripThreadFunc::13.43.03.8484] - Done loading new grip
[dhdComUSB::dhdComUSB():13.43.04.7582] - Constructor
[dhdComUSB::close():13.43.04.7582] - Closed
[dhdOpenWithReset():13.43.04.7582] - currentDevice = 1, l_serNum = 14QAJM15, is NOT smart
[dhdOpenWithReset():13.43.05.0366] - l_serNum after getFileName = 14QAJM15
[dhdOpenWithReset():13.43.05.0367] - Found falcon_12_0101.bin at c:\Program Files\Novint\HDAL_SDK_2.1.3\examples\Multi\falcon_12_0101.bin
[dhdOpenWithReset():13.43.05.0367] - comUSB[1]open(14QAJM15, c:\Program Files\Novint\HDAL_SDK_2.1.3\examples\Multi\falcon_12_0101.bin, True)
[dhdComUSB::open():13.43.05.0367] - Open(c:\Program Files\Novint\HDAL_SDK_2.1.3\examples\Multi\falcon_12_0101.bin, true)
[dhdComUSB::open():13.43.05.0580] - OpenUSBPort succeeded after 1 tries
[dhdComUSB::open():13.43.05.0580] - deviceType = 0
[dhdComUSB::open():13.43.05.0580] - deviceID   = 67357512d
[dhdComUSB::open():13.43.05.0580] - deviceSN   = 14QAJM15
[dhdComUSB::open():13.43.05.0580] - deviceDesc = FALCON HAPTIC
[dhdComUSB::open():13.43.06.0534] - Starting Download
[dhdComUSB::DownloadCode():13.43.07.1608] - SetUSBParameters(A423A8,128,128)
[dhdComUSB::DownloadCode():13.43.07.1628] - Read 128 bytes
[dhdComUSB::DownloadCode():13.43.07.1628] - Sent 128 bytes
[dhdComUSB::DownloadCode():13.43.07.1726] - 128 chars available
[dhdComUSB::DownloadCode():13.43.07.1746] - ReadFile done
[dhdComUSB::DownloadCode():13.43.07.1746] - Read 128 bytes
[dhdComUSB::DownloadCode():13.43.07.1746] - Sent 128 bytes
[dhdComUSB::DownloadCode():13.43.07.1846] - 128 chars available
[dhdComUSB::DownloadCode():13.43.07.1868] - ReadFile done
[dhdComUSB::DownloadCode():13.43.07.1868] - Read 128 bytes
[dhdComUSB::DownloadCode():13.43.07.1869] - Sent 128 bytes
[dhdComUSB::DownloadCode():13.43.07.1966] - 128 chars available
[dhdComUSB::DownloadCode():13.43.07.1989] - ReadFile done
[dhdComUSB::DownloadCode():13.43.07.1990] - Read 128 bytes
[dhdComUSB::DownloadCode():13.43.07.1990] - Sent 128 bytes
[dhdComUSB::DownloadCode():13.43.07.2085] - 128 chars available
[dhdComUSB::DownloadCode():13.43.07.2106] - ReadFile done
[dhdComUSB::DownloadCode():13.43.07.2106] - Read 128 bytes
[dhdComUSB::DownloadCode():13.43.07.2106] - Sent 128 bytes
[dhdComUSB::DownloadCode():13.43.07.2205] - 128 chars available
[dhdComUSB::DownloadCode():13.43.07.2229] - ReadFile done
[dhdComUSB::DownloadCode():13.43.07.2230] - Read 128 bytes
[dhdComUSB::DownloadCode():13.43.07.2230] - Sent 128 bytes
[dhdComUSB::DownloadCode():13.43.07.2328] - 128 chars available
[dhdComUSB::DownloadCode():13.43.07.2350] - ReadFile done
[dhdComUSB::DownloadCode():13.43.07.2350] - Read 128 bytes
[dhdComUSB::DownloadCode():13.43.07.2350] - Sent 128 bytes
[dhdComUSB::DownloadCode():13.43.07.2445] - 128 chars available
[dhdComUSB::DownloadCode():13.43.07.2464] - ReadFile done
[dhdComUSB::DownloadCode():13.43.07.2465] - Read 128 bytes
[dhdComUSB::DownloadCode():13.43.07.2465] - Sent 128 bytes
[dhdComUSB::DownloadCode():13.43.07.2566] - 128 chars available
[dhdComUSB::DownloadCode():13.43.07.2590] - ReadFile done
[dhdComUSB::DownloadCode():13.43.07.2590] - Read 128 bytes
[dhdComUSB::DownloadCode():13.43.07.2590] - Sent 128 bytes
[dhdComUSB::DownloadCode():13.43.07.2685] - 128 chars available
[dhdComUSB::DownloadCode():13.43.07.2707] - ReadFile done
[dhdComUSB::DownloadCode():13.43.07.2707] - Read 128 bytes
[dhdComUSB::DownloadCode():13.43.07.2707] - Sent 128 bytes
[dhdComUSB::DownloadCode():13.43.07.2804] - 128 chars available
[dhdComUSB::DownloadCode():13.43.07.2824] - ReadFile done
[dhdComUSB::DownloadCode():13.43.07.2824] - Read 128 bytes
[dhdComUSB::DownloadCode():13.43.07.2825] - Sent 128 bytes
[dhdComUSB::DownloadCode():13.43.07.2924] - 128 chars available
[dhdComUSB::DownloadCode():13.43.07.2944] - ReadFile done
[dhdComUSB::DownloadCode():13.43.07.2944] - Read 128 bytes
[dhdComUSB::DownloadCode():13.43.07.2944] - Sent 128 bytes
[dhdComUSB::DownloadCode():13.43.07.3044] - 128 chars available
[dhdComUSB::DownloadCode():13.43.07.3063] - ReadFile done
[dhdComUSB::DownloadCode():13.43.07.3063] - Read 128 bytes
[dhdComUSB::DownloadCode():13.43.07.3064] - Sent 128 bytes
[dhdComUSB::DownloadCode():13.43.07.3164] - 128 chars available
[dhdComUSB::DownloadCode():13.43.07.3188] - ReadFile done
[dhdComUSB::DownloadCode():13.43.07.3188] - Read 128 bytes
[dhdComUSB::DownloadCode():13.43.07.3189] - Sent 128 bytes
[dhdComUSB::DownloadCode():13.43.07.3284] - 128 chars available
[dhdComUSB::DownloadCode():13.43.07.3304] - ReadFile done
[dhdComUSB::DownloadCode():13.43.07.3305] - Read 128 bytes
[dhdComUSB::DownloadCode():13.43.07.3305] - Sent 128 bytes
[dhdComUSB::DownloadCode():13.43.07.3404] - 128 chars available
[dhdComUSB::DownloadCode():13.43.07.3428] - ReadFile done
[dhdComUSB::DownloadCode():13.43.07.3428] - Read 128 bytes
[dhdComUSB::DownloadCode():13.43.07.3429] - Sent 128 bytes
[dhdComUSB::DownloadCode():13.43.07.3524] - 128 chars available
[dhdComUSB::DownloadCode():13.43.07.3543] - ReadFile done
[dhdComUSB::DownloadCode():13.43.07.3543] - Read 128 bytes
[dhdComUSB::DownloadCode():13.43.07.3544] - Sent 128 bytes
[dhdComUSB::DownloadCode():13.43.07.3644] - 128 chars available
[dhdComUSB::DownloadCode():13.43.07.3662] - ReadFile done
[dhdComUSB::DownloadCode():13.43.07.3663] - Read 128 bytes
[dhdComUSB::DownloadCode():13.43.07.3663] - Sent 128 bytes
[dhdComUSB::DownloadCode():13.43.07.3764] - 128 chars available
[dhdComUSB::DownloadCode():13.43.07.3783] - ReadFile done
[dhdComUSB::DownloadCode():13.43.07.3784] - Read 128 bytes
[dhdComUSB::DownloadCode():13.43.07.3784] - Sent 128 bytes
[dhdComUSB::DownloadCode():13.43.07.3882] - 128 chars available
[dhdComUSB::DownloadCode():13.43.07.3901] - ReadFile done
[dhdComUSB::DownloadCode():13.43.07.3901] - Read 128 bytes
[dhdComUSB::DownloadCode():13.43.07.3901] - Sent 128 bytes
[dhdComUSB::DownloadCode():13.43.07.4004] - 128 chars available
[dhdComUSB::DownloadCode():13.43.07.4024] - ReadFile done
[dhdComUSB::DownloadCode():13.43.07.4024] - Read 128 bytes
[dhdComUSB::DownloadCode():13.43.07.4024] - Sent 128 bytes
[dhdComUSB::DownloadCode():13.43.07.4122] - 128 chars available
[dhdComUSB::DownloadCode():13.43.07.4137] - ReadFile done
[dhdComUSB::DownloadCode():13.43.07.4137] - Read 128 bytes
[dhdComUSB::DownloadCode():13.43.07.4137] - Sent 128 bytes
[dhdComUSB::DownloadCode():13.43.07.4232] - 128 chars available
[dhdComUSB::DownloadCode():13.43.07.4252] - ReadFile done
[dhdComUSB::DownloadCode():13.43.07.4252] - Read 128 bytes
[dhdComUSB::DownloadCode():13.43.07.4252] - Sent 128 bytes
[dhdComUSB::DownloadCode():13.43.07.4352] - 128 chars available
[dhdComUSB::DownloadCode():13.43.07.4372] - ReadFile done
[dhdComUSB::DownloadCode():13.43.07.4372] - Read 128 bytes
[dhdComUSB::DownloadCode():13.43.07.4373] - Sent 128 bytes
[dhdComUSB::DownloadCode():13.43.07.4472] - 128 chars available
[dhdComUSB::DownloadCode():13.43.07.4489] - ReadFile done
[dhdComUSB::DownloadCode():13.43.07.4489] - Read 128 bytes
[dhdComUSB::DownloadCode():13.43.07.4490] - Sent 128 bytes
[dhdComUSB::DownloadCode():13.43.07.4592] - 128 chars available
[dhdComUSB::DownloadCode():13.43.07.4612] - ReadFile done
[dhdComUSB::DownloadCode():13.43.07.4612] - Read 128 bytes
[dhdComUSB::DownloadCode():13.43.07.4613] - Sent 128 bytes
[dhdComUSB::DownloadCode():13.43.07.4712] - 128 chars available
[dhdComUSB::DownloadCode():13.43.07.4732] - ReadFile done
[dhdComUSB::DownloadCode():13.43.07.4732] - Read 128 bytes
[dhdComUSB::DownloadCode():13.43.07.4732] - Sent 128 bytes
[dhdComUSB::DownloadCode():13.43.07.4832] - 128 chars available
[dhdComUSB::DownloadCode():13.43.07.4852] - ReadFile done
[dhdComUSB::DownloadCode():13.43.07.4852] - Read 128 bytes
[dhdComUSB::DownloadCode():13.43.07.4852] - Sent 128 bytes
[dhdComUSB::DownloadCode():13.43.07.4952] - 128 chars available
[dhdComUSB::DownloadCode():13.43.07.4969] - ReadFile done
[dhdComUSB::DownloadCode():13.43.07.4969] - Read 128 bytes
[dhdComUSB::DownloadCode():13.43.07.4970] - Sent 128 bytes
[dhdComUSB::DownloadCode():13.43.07.5072] - 128 chars available
[dhdComUSB::DownloadCode():13.43.07.5091] - ReadFile done
[dhdComUSB::DownloadCode():13.43.07.5091] - Read 128 bytes
[dhdComUSB::DownloadCode():13.43.07.5091] - Sent 128 bytes
[dhdComUSB::DownloadCode():13.43.07.5192] - 128 chars available
[dhdComUSB::DownloadCode():13.43.07.5211] - ReadFile done
[dhdComUSB::DownloadCode():13.43.07.5211] - Read 128 bytes
[dhdComUSB::DownloadCode():13.43.07.5211] - Sent 128 bytes
[dhdComUSB::DownloadCode():13.43.07.5312] - 128 chars available
[dhdComUSB::DownloadCode():13.43.07.5328] - ReadFile done
[dhdComUSB::DownloadCode():13.43.07.5328] - Read 128 bytes
[dhdComUSB::DownloadCode():13.43.07.5329] - Sent 128 bytes
[dhdComUSB::DownloadCode():13.43.07.5421] - 128 chars available
[dhdComUSB::DownloadCode():13.43.07.5441] - ReadFile done
[dhdComUSB::DownloadCode():13.43.07.5441] - Read 128 bytes
[dhdComUSB::DownloadCode():13.43.07.5441] - Sent 128 bytes
[dhdComUSB::DownloadCode():13.43.07.5541] - 128 chars available
[dhdComUSB::DownloadCode():13.43.07.5561] - ReadFile done
[dhdComUSB::DownloadCode():13.43.07.5561] - Read 128 bytes
[dhdComUSB::DownloadCode():13.43.07.5561] - Sent 128 bytes
[dhdComUSB::DownloadCode():13.43.07.5661] - 128 chars available
[dhdComUSB::DownloadCode():13.43.07.5681] - ReadFile done
[dhdComUSB::DownloadCode():13.43.07.5681] - Read 128 bytes
[dhdComUSB::DownloadCode():13.43.07.5681] - Sent 128 bytes
[dhdComUSB::DownloadCode():13.43.07.5781] - 128 chars available
[dhdComUSB::DownloadCode():13.43.07.5800] - ReadFile done
[dhdComUSB::DownloadCode():13.43.07.5800] - Read 128 bytes
[dhdComUSB::DownloadCode():13.43.07.5800] - Sent 128 bytes
[dhdComUSB::DownloadCode():13.43.07.5901] - 128 chars available
[dhdComUSB::DownloadCode():13.43.07.5919] - ReadFile done
[dhdComUSB::DownloadCode():13.43.07.5919] - Read 128 bytes
[dhdComUSB::DownloadCode():13.43.07.5919] - Sent 128 bytes
[dhdComUSB::DownloadCode():13.43.07.6021] - 128 chars available
[dhdComUSB::DownloadCode():13.43.07.6040] - ReadFile done
[dhdComUSB::DownloadCode():13.43.07.6040] - Read 128 bytes
[dhdComUSB::DownloadCode():13.43.07.6040] - Sent 128 bytes
[dhdComUSB::DownloadCode():13.43.07.6141] - 128 chars available
[dhdComUSB::DownloadCode():13.43.07.6160] - ReadFile done
[dhdComUSB::DownloadCode():13.43.07.6160] - Read 128 bytes
[dhdComUSB::DownloadCode():13.43.07.6161] - Sent 128 bytes
[dhdComUSB::DownloadCode():13.43.07.6262] - 128 chars available
[dhdComUSB::DownloadCode():13.43.07.6280] - ReadFile done
[dhdComUSB::DownloadCode():13.43.07.6280] - Read 128 bytes
[dhdComUSB::DownloadCode():13.43.07.6280] - Sent 128 bytes
[dhdComUSB::DownloadCode():13.43.07.6381] - 128 chars available
[dhdComUSB::DownloadCode():13.43.07.6398] - ReadFile done
[dhdComUSB::DownloadCode():13.43.07.6398] - Read 128 bytes
[dhdComUSB::DownloadCode():13.43.07.6398] - Sent 128 bytes
[dhdComUSB::DownloadCode():13.43.07.6500] - 128 chars available
[dhdComUSB::DownloadCode():13.43.07.6516] - ReadFile done
[dhdComUSB::DownloadCode():13.43.07.6516] - Read 128 bytes
[dhdComUSB::DownloadCode():13.43.07.6517] - Sent 128 bytes
[dhdComUSB::DownloadCode():13.43.07.6611] - 128 chars available
[dhdComUSB::DownloadCode():13.43.07.6628] - ReadFile done
[dhdComUSB::DownloadCode():13.43.07.6628] - Read 128 bytes
[dhdComUSB::DownloadCode():13.43.07.6628] - Sent 128 bytes
[dhdComUSB::DownloadCode():13.43.07.6730] - 128 chars available
[dhdComUSB::DownloadCode():13.43.07.6746] - ReadFile done
[dhdComUSB::DownloadCode():13.43.07.6746] - Read 128 bytes
[dhdComUSB::DownloadCode():13.43.07.6747] - Sent 128 bytes
[dhdComUSB::DownloadCode():13.43.07.6840] - 128 chars available
[dhdComUSB::DownloadCode():13.43.07.6855] - ReadFile done
[dhdComUSB::DownloadCode():13.43.07.6855] - Read 128 bytes
[dhdComUSB::DownloadCode():13.43.07.6856] - Sent 128 bytes
[dhdComUSB::DownloadCode():13.43.07.6950] - 128 chars available
[dhdComUSB::DownloadCode():13.43.07.6962] - ReadFile done
[dhdComUSB::DownloadCode():13.43.07.6963] - Read 128 bytes
[dhdComUSB::DownloadCode():13.43.07.6963] - Sent 128 bytes
[dhdComUSB::DownloadCode():13.43.07.7060] - 128 chars available
[dhdComUSB::DownloadCode():13.43.07.7075] - ReadFile done
[dhdComUSB::DownloadCode():13.43.07.7075] - Read 128 bytes
[dhdComUSB::DownloadCode():13.43.07.7076] - Sent 128 bytes
[dhdComUSB::DownloadCode():13.43.07.7170] - 128 chars available
[dhdComUSB::DownloadCode():13.43.07.7184] - ReadFile done
[dhdComUSB::DownloadCode():13.43.07.7184] - Read 128 bytes
[dhdComUSB::DownloadCode():13.43.07.7184] - Sent 128 bytes
[dhdComUSB::DownloadCode():13.43.07.7280] - 128 chars available
[dhdComUSB::DownloadCode():13.43.07.7296] - ReadFile done
[dhdComUSB::DownloadCode():13.43.07.7296] - Read 128 bytes
[dhdComUSB::DownloadCode():13.43.07.7297] - Sent 128 bytes
[dhdComUSB::DownloadCode():13.43.07.7400] - 128 chars available
[dhdComUSB::DownloadCode():13.43.07.7416] - ReadFile done
[dhdComUSB::DownloadCode():13.43.07.7416] - Read 128 bytes
[dhdComUSB::DownloadCode():13.43.07.7417] - Sent 128 bytes
[dhdComUSB::DownloadCode():13.43.07.7520] - 128 chars available
[dhdComUSB::DownloadCode():13.43.07.7536] - ReadFile done
[dhdComUSB::DownloadCode():13.43.07.7536] - Read 128 bytes
[dhdComUSB::DownloadCode():13.43.07.7537] - Sent 128 bytes
[dhdComUSB::DownloadCode():13.43.07.7639] - 128 chars available
[dhdComUSB::DownloadCode():13.43.07.7656] - ReadFile done
[dhdComUSB::DownloadCode():13.43.07.7656] - Read 128 bytes
[dhdComUSB::DownloadCode():13.43.07.7657] - Sent 128 bytes
[dhdComUSB::DownloadCode():13.43.07.7759] - 128 chars available
[dhdComUSB::DownloadCode():13.43.07.7776] - ReadFile done
[dhdComUSB::DownloadCode():13.43.07.7776] - Read 128 bytes
[dhdComUSB::DownloadCode():13.43.07.7777] - Sent 128 bytes
[dhdComUSB::DownloadCode():13.43.07.7879] - 128 chars available
[dhdComUSB::DownloadCode():13.43.07.7896] - ReadFile done
[dhdComUSB::DownloadCode():13.43.07.7896] - Read 128 bytes
[dhdComUSB::DownloadCode():13.43.07.7897] - Sent 128 bytes
[dhdComUSB::DownloadCode():13.43.07.7999] - 128 chars available
[dhdComUSB::DownloadCode():13.43.07.8015] - ReadFile done
[dhdComUSB::DownloadCode():13.43.07.8015] - Read 128 bytes
[dhdComUSB::DownloadCode():13.43.07.8015] - Sent 128 bytes
[dhdComUSB::DownloadCode():13.43.07.8109] - 128 chars available
[dhdComUSB::DownloadCode():13.43.07.8125] - ReadFile done
[dhdComUSB::DownloadCode():13.43.07.8125] - Read 128 bytes
[dhdComUSB::DownloadCode():13.43.07.8126] - Sent 128 bytes
[dhdComUSB::DownloadCode():13.43.07.8229] - 128 chars available
[dhdComUSB::DownloadCode():13.43.07.8246] - ReadFile done
[dhdComUSB::DownloadCode():13.43.07.8246] - Read 128 bytes
[dhdComUSB::DownloadCode():13.43.07.8246] - Sent 128 bytes
[dhdComUSB::DownloadCode():13.43.07.8349] - 128 chars available
[dhdComUSB::DownloadCode():13.43.07.8363] - ReadFile done
[dhdComUSB::DownloadCode():13.43.07.8363] - Read 128 bytes
[dhdComUSB::DownloadCode():13.43.07.8363] - Sent 128 bytes
[dhdComUSB::DownloadCode():13.43.07.8459] - 128 chars available
[dhdComUSB::DownloadCode():13.43.07.8476] - ReadFile done
[dhdComUSB::DownloadCode():13.43.07.8476] - Read 128 bytes
[dhdComUSB::DownloadCode():13.43.07.8477] - Sent 128 bytes
[dhdComUSB::DownloadCode():13.43.07.8579] - 128 chars available
[dhdComUSB::DownloadCode():13.43.07.8595] - ReadFile done
[dhdComUSB::DownloadCode():13.43.07.8595] - Read 128 bytes
[dhdComUSB::DownloadCode():13.43.07.8596] - Sent 128 bytes
[dhdComUSB::DownloadCode():13.43.07.8699] - 128 chars available
[dhdComUSB::DownloadCode():13.43.07.8713] - ReadFile done
[dhdComUSB::DownloadCode():13.43.07.8713] - Read 128 bytes
[dhdComUSB::DownloadCode():13.43.07.8713] - Sent 128 bytes
[dhdComUSB::DownloadCode():13.43.07.8809] - 128 chars available
[dhdComUSB::DownloadCode():13.43.07.8824] - ReadFile done
[dhdComUSB::DownloadCode():13.43.07.8824] - Read 128 bytes
[dhdComUSB::DownloadCode():13.43.07.8824] - Sent 128 bytes
[dhdComUSB::DownloadCode():13.43.07.8917] - 128 chars available
[dhdComUSB::DownloadCode():13.43.07.8936] - ReadFile done
[dhdComUSB::DownloadCode():13.43.07.8936] - Read 128 bytes
[dhdComUSB::DownloadCode():13.43.07.8937] - Sent 128 bytes
[dhdComUSB::DownloadCode():13.43.07.9037] - 128 chars available
[dhdComUSB::DownloadCode():13.43.07.9056] - ReadFile done
[dhdComUSB::DownloadCode():13.43.07.9056] - Read 128 bytes
[dhdComUSB::DownloadCode():13.43.07.9057] - Sent 128 bytes
[dhdComUSB::DownloadCode():13.43.07.9157] - 128 chars available
[dhdComUSB::DownloadCode():13.43.07.9178] - ReadFile done
[dhdComUSB::DownloadCode():13.43.07.9178] - Read 128 bytes
[dhdComUSB::DownloadCode():13.43.07.9178] - Sent 128 bytes
[dhdComUSB::DownloadCode():13.43.07.9277] - 128 chars available
[dhdComUSB::DownloadCode():13.43.07.9297] - ReadFile done
[dhdComUSB::DownloadCode():13.43.07.9297] - Read 128 bytes
[dhdComUSB::DownloadCode():13.43.07.9297] - Sent 128 bytes
[dhdComUSB::DownloadCode():13.43.07.9398] - 128 chars available
[dhdComUSB::DownloadCode():13.43.07.9413] - ReadFile done
[dhdComUSB::DownloadCode():13.43.07.9413] - Read 128 bytes
[dhdComUSB::DownloadCode():13.43.07.9413] - Sent 128 bytes
[dhdComUSB::DownloadCode():13.43.07.9508] - 128 chars available
[dhdComUSB::DownloadCode():13.43.07.9526] - ReadFile done
[dhdComUSB::DownloadCode():13.43.07.9526] - Read 128 bytes
[dhdComUSB::DownloadCode():13.43.07.9526] - Sent 128 bytes
[dhdComUSB::DownloadCode():13.43.07.9628] - 128 chars available
[dhdComUSB::DownloadCode():13.43.07.9648] - ReadFile done
[dhdComUSB::DownloadCode():13.43.07.9648] - Read 128 bytes
[dhdComUSB::DownloadCode():13.43.07.9648] - Sent 128 bytes
[dhdComUSB::DownloadCode():13.43.07.9748] - 128 chars available
[dhdComUSB::DownloadCode():13.43.07.9767] - ReadFile done
[dhdComUSB::DownloadCode():13.43.07.9767] - Read 128 bytes
[dhdComUSB::DownloadCode():13.43.07.9767] - Sent 128 bytes
[dhdComUSB::DownloadCode():13.43.07.9868] - 128 chars available
[dhdComUSB::DownloadCode():13.43.07.9889] - ReadFile done
[dhdComUSB::DownloadCode():13.43.07.9889] - Read 128 bytes
[dhdComUSB::DownloadCode():13.43.07.9890] - Sent 128 bytes
[dhdComUSB::DownloadCode():13.43.07.9988] - 128 chars available
[dhdComUSB::DownloadCode():13.43.08.0007] - ReadFile done
[dhdComUSB::DownloadCode():13.43.08.0007] - Read 128 bytes
[dhdComUSB::DownloadCode():13.43.08.0007] - Sent 128 bytes
[dhdComUSB::DownloadCode():13.43.08.0106] - 128 chars available
[dhdComUSB::DownloadCode():13.43.08.0125] - ReadFile done
[dhdComUSB::DownloadCode():13.43.08.0126] - Read 128 bytes
[dhdComUSB::DownloadCode():13.43.08.0126] - Sent 128 bytes
[dhdComUSB::DownloadCode():13.43.08.0226] - 128 chars available
[dhdComUSB::DownloadCode():13.43.08.0246] - ReadFile done
[dhdComUSB::DownloadCode():13.43.08.0246] - Read 74 bytes
[dhdComUSB::DownloadCode():13.43.08.0246] - Sent 74 bytes
[dhdComUSB::DownloadCode():13.43.08.0306] - 74 chars available
[dhdComUSB::DownloadCode():13.43.08.0323] - ReadFile done
[dhdComUSB::DownloadCode():13.43.08.0323] - Download done
[dhdComUSB::open():13.43.08.0323] - Download status: 0
[dhdComUSB::OpenDeviceCommunications():13.43.08.0326] - Set Baud Rate Status: 0
[dhdComUSB::OpenDeviceCommunications():13.43.08.0534] - update() failed
[dhdComUSB::OpenDeviceCommunications():13.43.08.0848] - update() okay after 2 updates
[dhdComUSB::OpenDeviceCommunications():13.43.08.0848] - Returning 0
[dhdComUSB::changeGrip():13.43.08.2848] - New Grip: G_A
[dhdComUSB::changeGrip():13.43.08.2849] - Started grip change
[changeGripThreadFunc::13.43.08.2858] - deleting old grip object
[changeGripThreadFunc::13.43.08.2858] - Loading grip type G_A
[changeGripThreadFunc::13.43.08.2863] - Loading delta
[dhdDelta():13.43.08.2864] - Did not find FalconCommon.txt
[changeGripThreadFunc::13.43.08.2865] - Done loading new grip
[dhdComUSB::tryCalibration():13.43.08.3040] - HomeEnabled, LED Red
[dhdComUSB::processData():13.43.08.7070] - G_A
[dhdComUSB::processData():13.43.08.7076] - G_A
[dhdComUSB::processData():13.43.08.7162] - G_A
[dhdComUSB::processData():13.43.08.7171] - G_A
[dhdComUSB::processData():13.43.13.5631] - G_A
[dhdComUSB::dhdComUSB():13.43.18.1440] - Constructor
[dhdComUSB::close():13.43.18.1440] - Closed
[dhdComUSB::processData():13.43.18.2568] - G_A
[dhdComUSB::dhdComUSB():13.43.18.2761] - Constructor
[dhdComUSB::close():13.43.18.2762] - Closed
